\BOOKMARK [0][-]{part.1}{\376\377\000I\000\040\000F\000u\000n\000d\000a\000m\000e\000n\000t\000o\000s\000:\000\040\000t\000o\000d\000o\000\040\000l\000o\000\040\000q\000u\000e\000\040\000n\000e\000c\000e\000s\000i\000t\000a\000s\000\040\000s\000a\000b\000e\000r\000\040\000a\000n\000t\000e\000s\000\040\000d\000e\000\040\000t\000o\000c\000a\000r\000\040\000c\000o\000d\000i\000g\000o}{}% 1
\BOOKMARK [1][-]{section.1}{\376\377\000Q\000u\000e\000\040\000e\000s\000\040\000l\000o\000\040\000q\000u\000e\000\040\000q\000u\000e\000r\000e\000m\000o\000s\000\040\000h\000a\000c\000e\000r\000\040\000\050\000y\000\040\000p\000o\000r\000\040\000q\000u\000e\000\040\000e\000s\000\040\000c\000o\000m\000p\000l\000i\000c\000a\000d\000o\000\051}{part.1}% 2
\BOOKMARK [1][-]{section.2}{\376\377\000E\000l\000\040\000s\000e\000n\000s\000o\000r\000:\000\040\000L\000S\000M\0006\000D\000S\0003\000T\000R\000-\000C}{part.1}% 3
\BOOKMARK [2][-]{subsection.2.1}{\376\377\000Q\000u\000e\000\040\000e\000s\000\040\000u\000n\000\040\000s\000e\000n\000s\000o\000r\000\040\000I\000M\000U}{section.2}% 4
\BOOKMARK [2][-]{subsection.2.2}{\376\377\000E\000j\000e\000s\000\040\000X\000,\000\040\000Y\000,\000\040\000Z}{section.2}% 5
\BOOKMARK [2][-]{subsection.2.3}{\376\377\000R\000a\000n\000g\000o\000s\000\040\000y\000\040\000p\000r\000e\000c\000i\000s\000i\000o\000n}{section.2}% 6
\BOOKMARK [2][-]{subsection.2.4}{\376\377\000R\000e\000g\000i\000s\000t\000r\000o\000s\000:\000\040\000c\000o\000m\000o\000\040\000s\000e\000\040\000c\000o\000m\000u\000n\000i\000c\000a\000\040\000e\000l\000\040\000s\000e\000n\000s\000o\000r}{section.2}% 7
\BOOKMARK [1][-]{section.3}{\376\377\000I\0002\000C\000:\000\040\000c\000o\000m\000o\000\040\000e\000l\000\040\000m\000i\000c\000r\000o\000c\000o\000n\000t\000r\000o\000l\000a\000d\000o\000r\000\040\000h\000a\000b\000l\000a\000\040\000c\000o\000n\000\040\000e\000l\000\040\000s\000e\000n\000s\000o\000r}{part.1}% 8
\BOOKMARK [2][-]{subsection.3.1}{\376\377\000Q\000u\000e\000\040\000e\000s\000\040\000I\0002\000C}{section.3}% 9
\BOOKMARK [2][-]{subsection.3.2}{\376\377\000M\000a\000s\000t\000e\000r\000\040\000y\000\040\000S\000l\000a\000v\000e}{section.3}% 10
\BOOKMARK [2][-]{subsection.3.3}{\376\377\000D\000i\000r\000e\000c\000c\000i\000o\000n\000\040\0000\000x\0006\000A}{section.3}% 11
\BOOKMARK [2][-]{subsection.3.4}{\376\377\000C\000o\000m\000o\000\040\000s\000e\000\040\000v\000e\000\040\000u\000n\000a\000\040\000l\000e\000c\000t\000u\000r\000a\000\040\000I\0002\000C\000\040\000p\000o\000r\000\040\000d\000e\000n\000t\000r\000o}{section.3}% 12
\BOOKMARK [1][-]{section.4}{\376\377\000B\000l\000u\000e\000t\000o\000o\000t\000h\000\040\000L\000o\000w\000\040\000E\000n\000e\000r\000g\000y\000\040\000\050\000B\000L\000E\000\051\000:\000\040\000c\000o\000m\000o\000\040\000l\000o\000s\000\040\000d\000a\000t\000o\000s\000\040\000v\000i\000a\000j\000a\000n\000\040\000a\000l\000\040\000o\000r\000d\000e\000n\000a\000d\000o\000r}{part.1}% 13
\BOOKMARK [2][-]{subsection.4.1}{\376\377\000Q\000u\000e\000\040\000e\000s\000\040\000B\000l\000u\000e\000t\000o\000o\000t\000h\000\040\000y\000\040\000p\000o\000r\000\040\000q\000u\000e\000\040\000`\000`\000L\000o\000w\000\040\000E\000n\000e\000r\000g\000y\000'\000'}{section.4}% 14
\BOOKMARK [2][-]{subsection.4.2}{\376\377\000R\000o\000l\000e\000s\000\040\000e\000n\000\040\000B\000L\000E\000:\000\040\000P\000e\000r\000i\000p\000h\000e\000r\000a\000l\000\040\000y\000\040\000C\000e\000n\000t\000r\000a\000l}{section.4}% 15
\BOOKMARK [1][-]{section.5}{\376\377\000G\000A\000T\000T\000:\000\040\000l\000a\000\040\000e\000s\000t\000r\000u\000c\000t\000u\000r\000a\000\040\000q\000u\000e\000\040\000o\000r\000g\000a\000n\000i\000z\000a\000\040\000l\000o\000s\000\040\000d\000a\000t\000o\000s\000\040\000e\000n\000\040\000B\000L\000E}{part.1}% 16
\BOOKMARK [2][-]{subsection.5.1}{\376\377\000Q\000u\000e\000\040\000e\000s\000\040\000G\000A\000T\000T\000\040\000y\000\040\000p\000o\000r\000\040\000q\000u\000e\000\040\000e\000x\000i\000s\000t\000e}{section.5}% 17
\BOOKMARK [2][-]{subsection.5.2}{\376\377\000L\000a\000\040\000j\000e\000r\000a\000r\000q\000u\000i\000a\000\040\000G\000A\000T\000T\000:\000\040\000P\000e\000r\000f\000i\000l\000,\000\040\000S\000e\000r\000v\000i\000c\000i\000o\000,\000\040\000C\000a\000r\000a\000c\000t\000e\000r\000i\000s\000t\000i\000c\000a}{section.5}% 18
\BOOKMARK [3][-]{subsubsection.5.2.1}{\376\377\000S\000e\000r\000v\000i\000d\000o\000r\000\040\000G\000A\000T\000T}{subsection.5.2}% 19
\BOOKMARK [3][-]{subsubsection.5.2.2}{\376\377\000S\000e\000r\000v\000i\000c\000i\000o\000\040\000\050\000S\000e\000r\000v\000i\000c\000e\000\051}{subsection.5.2}% 20
\BOOKMARK [3][-]{subsubsection.5.2.3}{\376\377\000C\000a\000r\000a\000c\000t\000e\000r\000i\000s\000t\000i\000c\000a\000\040\000\050\000C\000h\000a\000r\000a\000c\000t\000e\000r\000i\000s\000t\000i\000c\000\051}{subsection.5.2}% 21
\BOOKMARK [3][-]{subsubsection.5.2.4}{\376\377\000D\000e\000s\000c\000r\000i\000p\000t\000o\000r\000\040\000\050\000D\000e\000s\000c\000r\000i\000p\000t\000o\000r\000\051}{subsection.5.2}% 22
\BOOKMARK [2][-]{subsection.5.3}{\376\377\000C\000o\000n\000e\000x\000i\000o\000n\000\040\000B\000L\000E\000\040\000p\000a\000s\000o\000\040\000a\000\040\000p\000a\000s\000o}{section.5}% 23
\BOOKMARK [2][-]{subsection.5.4}{\376\377\000C\000o\000n\000n\000e\000c\000t\000i\000o\000n\000\040\000i\000n\000t\000e\000r\000v\000a\000l\000\040\000\050\000i\000n\000t\000e\000r\000v\000a\000l\000o\000\040\000d\000e\000\040\000c\000o\000n\000e\000x\000i\000o\000n\000\051}{section.5}% 24
\BOOKMARK [1][-]{section.6}{\376\377\000N\000u\000m\000e\000r\000o\000s\000\040\000f\000l\000o\000t\000a\000n\000t\000e\000s\000\040\000y\000\040\000b\000y\000t\000e\000s\000:\000\040\000c\000o\000m\000o\000\040\000v\000i\000a\000j\000a\000n\000\040\000l\000o\000s\000\040\000d\000a\000t\000o\000s}{part.1}% 25
\BOOKMARK [2][-]{subsection.6.1}{\376\377\000E\000l\000\040\000p\000r\000o\000b\000l\000e\000m\000a\000:\000\040\000B\000L\000E\000\040\000s\000o\000l\000o\000\040\000e\000n\000v\000\355\000a\000\040\000b\000y\000t\000e\000s}{section.6}% 26
\BOOKMARK [2][-]{subsection.6.2}{\376\377\000I\000E\000E\000E\000\040\0007\0005\0004\000:\000\040\000c\000o\000m\000o\000\040\000u\000n\000\040\000f\000l\000o\000a\000t\000\040\000s\000e\000\040\000c\000o\000n\000v\000i\000e\000r\000t\000e\000\040\000e\000n\000\040\0004\000\040\000b\000y\000t\000e\000s}{section.6}% 27
\BOOKMARK [2][-]{subsection.6.3}{\376\377\000L\000i\000t\000t\000l\000e\000-\000e\000n\000d\000i\000a\000n\000\040\000y\000\040\000B\000i\000g\000-\000e\000n\000d\000i\000a\000n}{section.6}% 28
\BOOKMARK [2][-]{subsection.6.4}{\376\377\000m\000e\000m\000c\000p\000y\000:\000\040\000c\000o\000p\000i\000a\000r\000\040\000b\000y\000t\000e\000s\000\040\000c\000r\000u\000d\000o\000s\000\040\000e\000n\000\040\000A\000r\000d\000u\000i\000n\000o}{section.6}% 29
\BOOKMARK [1][-]{section.7}{\376\377\000L\000a\000s\000\040\000l\000i\000b\000r\000e\000r\000i\000a\000s\000:\000\040\000q\000u\000i\000e\000n\000\040\000h\000i\000z\000o\000\040\000q\000u\000e\000\040\000y\000\040\000c\000o\000m\000o\000\040\000f\000u\000n\000c\000i\000o\000n\000a\000\040\000p\000o\000r\000\040\000d\000e\000n\000t\000r\000o}{part.1}% 30
\BOOKMARK [2][-]{subsection.7.1}{\376\377\000L\000a\000d\000o\000\040\000A\000r\000d\000u\000i\000n\000o\000\040\000\050\000f\000i\000r\000m\000w\000a\000r\000e\000\040\000d\000e\000\040\000l\000a\000\040\000X\000I\000A\000O\000\051}{section.7}% 31
\BOOKMARK [3][-]{subsubsection.7.1.1}{\376\377\000A\000r\000d\000u\000i\000n\000o\000B\000L\000E}{subsection.7.1}% 32
\BOOKMARK [3][-]{subsubsection.7.1.2}{\376\377\000S\000e\000e\000e\000d\000\137\000A\000r\000d\000u\000i\000n\000o\000\137\000L\000S\000M\0006\000D\000S\0003}{subsection.7.1}% 33
\BOOKMARK [3][-]{subsubsection.7.1.3}{\376\377\000W\000i\000r\000e}{subsection.7.1}% 34
\BOOKMARK [2][-]{subsection.7.2}{\376\377\000L\000a\000d\000o\000\040\000P\000y\000t\000h\000o\000n\000\040\000\050\000t\000u\000\040\000o\000r\000d\000e\000n\000a\000d\000o\000r\000\051}{section.7}% 35
\BOOKMARK [3][-]{subsubsection.7.2.1}{\376\377\000b\000l\000e\000a\000k}{subsection.7.2}% 36
\BOOKMARK [3][-]{subsubsection.7.2.2}{\376\377\000s\000t\000r\000u\000c\000t\000\040\000\050\000b\000i\000b\000l\000i\000o\000t\000e\000c\000a\000\040\000e\000s\000t\000a\000n\000d\000a\000r\000\040\000d\000e\000\040\000P\000y\000t\000h\000o\000n\000\051}{subsection.7.2}% 37
\BOOKMARK [3][-]{subsubsection.7.2.3}{\376\377\000a\000s\000y\000n\000c\000i\000o\000\040\000\050\000b\000i\000b\000l\000i\000o\000t\000e\000c\000a\000\040\000e\000s\000t\000a\000n\000d\000a\000r\000\040\000d\000e\000\040\000P\000y\000t\000h\000o\000n\000\051}{subsection.7.2}% 38
\BOOKMARK [0][-]{part.2}{\376\377\000I\000I\000\040\000E\000l\000\040\000c\000o\000d\000i\000g\000o\000\040\000e\000x\000p\000l\000i\000c\000a\000d\000o\000\040\000l\000i\000n\000e\000a\000\040\000p\000o\000r\000\040\000l\000i\000n\000e\000a}{}% 39
\BOOKMARK [1][-]{section.8}{\376\377\000C\000o\000d\000i\000g\000o\000\040\000A\000r\000d\000u\000i\000n\000o\000\040\000c\000o\000m\000p\000l\000e\000t\000o}{part.2}% 40
\BOOKMARK [2][-]{subsection.8.1}{\376\377\000L\000i\000n\000e\000a\000\040\0001\000:\000\040\000\043\000i\000n\000c\000l\000u\000d\000e\000\040\000<\000A\000r\000d\000u\000i\000n\000o\000B\000L\000E\000.\000h\000>}{section.8}% 41
\BOOKMARK [2][-]{subsection.8.2}{\376\377\000L\000i\000n\000e\000a\000\040\0002\000:\000\040\000\043\000i\000n\000c\000l\000u\000d\000e\000\040\000"\000L\000S\000M\0006\000D\000S\0003\000.\000h\000"}{section.8}% 42
\BOOKMARK [2][-]{subsection.8.3}{\376\377\000L\000i\000n\000e\000a\000\040\0003\000:\000\040\000\043\000i\000n\000c\000l\000u\000d\000e\000\040\000"\000W\000i\000r\000e\000.\000h\000"}{section.8}% 43
\BOOKMARK [2][-]{subsection.8.4}{\376\377\000L\000i\000n\000e\000a\000\040\0004\000:\000\040\000C\000r\000e\000a\000r\000\040\000e\000l\000\040\000o\000b\000j\000e\000t\000o\000\040\000I\000M\000U}{section.8}% 44
\BOOKMARK [2][-]{subsection.8.5}{\376\377\000L\000i\000n\000e\000a\000s\000\040\0005\040\023\0007\000:\000\040\000C\000r\000e\000a\000r\000\040\000s\000e\000r\000v\000i\000c\000i\000o\000\040\000y\000\040\000c\000a\000r\000a\000c\000t\000e\000r\000i\000s\000t\000i\000c\000a\000s\000\040\000B\000L\000E}{section.8}% 45
\BOOKMARK [2][-]{subsection.8.6}{\376\377\000F\000u\000n\000c\000i\000o\000n\000\040\000s\000e\000t\000u\000p\000\050\000\051\000:\000\040\000i\000n\000i\000c\000i\000a\000l\000i\000z\000a\000c\000i\000o\000n}{section.8}% 46
\BOOKMARK [2][-]{subsection.8.7}{\376\377\000F\000u\000n\000c\000i\000o\000n\000\040\000l\000o\000o\000p\000\050\000\051\000:\000\040\000e\000l\000\040\000b\000u\000c\000l\000e\000\040\000p\000r\000i\000n\000c\000i\000p\000a\000l}{section.8}% 47
\BOOKMARK [1][-]{section.9}{\376\377\000C\000o\000d\000i\000g\000o\000\040\000P\000y\000t\000h\000o\000n\000\040\000c\000o\000m\000p\000l\000e\000t\000o}{part.2}% 48
\BOOKMARK [2][-]{subsection.9.1}{\376\377\000I\000m\000p\000o\000r\000t\000s}{section.9}% 49
\BOOKMARK [2][-]{subsection.9.2}{\376\377\000C\000o\000n\000s\000t\000a\000n\000t\000e\000s}{section.9}% 50
\BOOKMARK [2][-]{subsection.9.3}{\376\377\000V\000a\000r\000i\000a\000b\000l\000e\000s\000\040\000g\000l\000o\000b\000a\000l\000e\000s}{section.9}% 51
\BOOKMARK [2][-]{subsection.9.4}{\376\377\000C\000a\000l\000l\000b\000a\000c\000k\000s\000\040\000\050\000f\000u\000n\000c\000i\000o\000n\000e\000s\000\040\000q\000u\000e\000\040\000s\000e\000\040\000l\000l\000a\000m\000a\000n\000\040\000a\000u\000t\000o\000m\000a\000t\000i\000c\000a\000m\000e\000n\000t\000e\000\051}{section.9}% 52
\BOOKMARK [2][-]{subsection.9.5}{\376\377\000F\000u\000n\000c\000i\000o\000n\000\040\000p\000r\000i\000n\000c\000i\000p\000a\000l}{section.9}% 53
\BOOKMARK [2][-]{subsection.9.6}{\376\377\000P\000u\000n\000t\000o\000\040\000d\000e\000\040\000e\000n\000t\000r\000a\000d\000a}{section.9}% 54
\BOOKMARK [0][-]{part.3}{\376\377\000I\000I\000I\000\040\000A\000p\000e\000n\000d\000i\000c\000e\000s}{}% 55
\BOOKMARK [1][-]{section.10}{\376\377\000E\000x\000t\000e\000n\000s\000i\000o\000n\000:\000\040\000g\000u\000a\000r\000d\000a\000r\000\040\000d\000a\000t\000o\000s\000\040\000e\000n\000\040\000C\000S\000V}{part.3}% 56
\BOOKMARK [1][-]{section.11}{\376\377\000D\000i\000a\000g\000n\000o\000s\000t\000i\000c\000o\000\040\000y\000\040\000s\000o\000l\000u\000c\000i\000o\000n\000\040\000d\000e\000\040\000p\000r\000o\000b\000l\000e\000m\000a\000s}{part.3}% 57
\BOOKMARK [2][-]{subsection.11.1}{\376\377\000E\000l\000\040\000d\000i\000s\000p\000o\000s\000i\000t\000i\000v\000o\000\040\000n\000o\000\040\000a\000p\000a\000r\000e\000c\000e\000\040\000e\000n\000\040\000e\000l\000\040\000s\000c\000a\000n}{section.11}% 58
\BOOKMARK [2][-]{subsection.11.2}{\376\377\000S\000e\000\040\000c\000o\000n\000e\000c\000t\000a\000\040\000p\000e\000r\000o\000\040\000n\000o\000\040\000l\000l\000e\000g\000a\000n\000\040\000d\000a\000t\000o\000s}{section.11}% 59
\BOOKMARK [2][-]{subsection.11.3}{\376\377\000L\000o\000s\000\040\000v\000a\000l\000o\000r\000e\000s\000\040\000n\000o\000\040\000t\000i\000e\000n\000e\000n\000\040\000s\000e\000n\000t\000i\000d\000o}{section.11}% 60
\BOOKMARK [1][-]{section.12}{\376\377\000R\000e\000f\000e\000r\000e\000n\000c\000i\000a\000s}{part.3}% 61
